running develop
running egg_info
creating inorbit_republisher.egg-info
writing inorbit_republisher.egg-info/PKG-INFO
writing dependency_links to inorbit_republisher.egg-info/dependency_links.txt
writing entry points to inorbit_republisher.egg-info/entry_points.txt
writing requirements to inorbit_republisher.egg-info/requires.txt
writing top-level names to inorbit_republisher.egg-info/top_level.txt
writing manifest file 'inorbit_republisher.egg-info/SOURCES.txt'
reading manifest file 'inorbit_republisher.egg-info/SOURCES.txt'
writing manifest file 'inorbit_republisher.egg-info/SOURCES.txt'
running build_ext
Creating /workspace/ros_inorbit_samples.code-workspace/inorbit_republisher/install/inorbit_republisher/lib/python3.12/site-packages/inorbit-republisher.egg-link (link to .)
Installing republisher script to /workspace/ros_inorbit_samples.code-workspace/inorbit_republisher/install/inorbit_republisher/lib/inorbit_republisher

Installed /workspace/ros_inorbit_samples.code-workspace/inorbit_republisher/build/inorbit_republisher
running symlink_data
creating /workspace/ros_inorbit_samples.code-workspace/inorbit_republisher/install/inorbit_republisher/share/ament_index
creating /workspace/ros_inorbit_samples.code-workspace/inorbit_republisher/install/inorbit_republisher/share/ament_index/resource_index
creating /workspace/ros_inorbit_samples.code-workspace/inorbit_republisher/install/inorbit_republisher/share/ament_index/resource_index/packages
symbolically linking /workspace/ros_inorbit_samples.code-workspace/inorbit_republisher/build/inorbit_republisher/resource/inorbit_republisher -> /workspace/ros_inorbit_samples.code-workspace/inorbit_republisher/install/inorbit_republisher/share/ament_index/resource_index/packages
symbolically linking /workspace/ros_inorbit_samples.code-workspace/inorbit_republisher/build/inorbit_republisher/package.xml -> /workspace/ros_inorbit_samples.code-workspace/inorbit_republisher/install/inorbit_republisher/share/inorbit_republisher
symbolically linking /workspace/ros_inorbit_samples.code-workspace/inorbit_republisher/build/inorbit_republisher/launch/example.launch.xml -> /workspace/ros_inorbit_samples.code-workspace/inorbit_republisher/install/inorbit_republisher/share/inorbit_republisher
creating /workspace/ros_inorbit_samples.code-workspace/inorbit_republisher/install/inorbit_republisher/share/inorbit_republisher/config
symbolically linking /workspace/ros_inorbit_samples.code-workspace/inorbit_republisher/build/inorbit_republisher/config/example.yaml -> /workspace/ros_inorbit_samples.code-workspace/inorbit_republisher/install/inorbit_republisher/share/inorbit_republisher/config
