[1.091s] Invoking command in '/workspace/ros_inorbit_samples.code-workspace/inorbit_republisher/build/inorbit_republisher': PYTHONPATH=/workspace/ros_inorbit_samples.code-workspace/inorbit_republisher/build/inorbit_republisher/prefix_override:/usr/lib/python3/dist-packages/colcon_core/task/python/colcon_distutils_commands:/workspace/ros_inorbit_samples.code-workspace/inorbit_republisher/install/inorbit_republisher/lib/python3.12/site-packages:${PYTHONPATH} /usr/bin/python3 -W ignore:setup.py install is deprecated -W ignore:easy_install command is deprecated setup.py develop --editable --build-directory /workspace/ros_inorbit_samples.code-workspace/inorbit_republisher/build/inorbit_republisher/build --no-deps symlink_data
[1.362s] /usr/lib/python3/dist-packages/setuptools/dist.py:744: SetuptoolsDeprecationWarning: Invalid dash-separated options
[1.362s] !!
[1.362s] 
[1.363s]         ********************************************************************************
[1.363s]         Usage of dash-separated 'script-dir' will not be supported in future
[1.363s]         versions. Please use the underscore name 'script_dir' instead.
[1.363s] 
[1.363s]         This deprecation is overdue, please update your project and remove deprecated
[1.363s]         calls to avoid build errors in the future.
[1.364s] 
[1.364s]         See https://setuptools.pypa.io/en/latest/userguide/declarative_config.html for details.
[1.364s]         ********************************************************************************
[1.364s] 
[1.364s] !!
[1.364s]   opt = self.warn_dash_deprecation(opt, section)
[1.697s] running develop
[2.028s] running egg_info
[2.028s] creating inorbit_republisher.egg-info
[2.061s] writing inorbit_republisher.egg-info/PKG-INFO
[2.061s] writing dependency_links to inorbit_republisher.egg-info/dependency_links.txt
[2.061s] writing entry points to inorbit_republisher.egg-info/entry_points.txt
[2.062s] writing requirements to inorbit_republisher.egg-info/requires.txt
[2.062s] writing top-level names to inorbit_republisher.egg-info/top_level.txt
[2.062s] writing manifest file 'inorbit_republisher.egg-info/SOURCES.txt'
[2.128s] reading manifest file 'inorbit_republisher.egg-info/SOURCES.txt'
[2.130s] writing manifest file 'inorbit_republisher.egg-info/SOURCES.txt'
[2.166s] running build_ext
[2.166s] Creating /workspace/ros_inorbit_samples.code-workspace/inorbit_republisher/install/inorbit_republisher/lib/python3.12/site-packages/inorbit-republisher.egg-link (link to .)
[2.167s] Installing republisher script to /workspace/ros_inorbit_samples.code-workspace/inorbit_republisher/install/inorbit_republisher/lib/inorbit_republisher
[2.168s] 
[2.168s] Installed /workspace/ros_inorbit_samples.code-workspace/inorbit_republisher/build/inorbit_republisher
[2.168s] running symlink_data
[2.168s] creating /workspace/ros_inorbit_samples.code-workspace/inorbit_republisher/install/inorbit_republisher/share/ament_index
[2.168s] creating /workspace/ros_inorbit_samples.code-workspace/inorbit_republisher/install/inorbit_republisher/share/ament_index/resource_index
[2.169s] creating /workspace/ros_inorbit_samples.code-workspace/inorbit_republisher/install/inorbit_republisher/share/ament_index/resource_index/packages
[2.169s] symbolically linking /workspace/ros_inorbit_samples.code-workspace/inorbit_republisher/build/inorbit_republisher/resource/inorbit_republisher -> /workspace/ros_inorbit_samples.code-workspace/inorbit_republisher/install/inorbit_republisher/share/ament_index/resource_index/packages
[2.169s] symbolically linking /workspace/ros_inorbit_samples.code-workspace/inorbit_republisher/build/inorbit_republisher/package.xml -> /workspace/ros_inorbit_samples.code-workspace/inorbit_republisher/install/inorbit_republisher/share/inorbit_republisher
[2.169s] symbolically linking /workspace/ros_inorbit_samples.code-workspace/inorbit_republisher/build/inorbit_republisher/launch/example.launch.xml -> /workspace/ros_inorbit_samples.code-workspace/inorbit_republisher/install/inorbit_republisher/share/inorbit_republisher
[2.169s] creating /workspace/ros_inorbit_samples.code-workspace/inorbit_republisher/install/inorbit_republisher/share/inorbit_republisher/config
[2.170s] symbolically linking /workspace/ros_inorbit_samples.code-workspace/inorbit_republisher/build/inorbit_republisher/config/example.yaml -> /workspace/ros_inorbit_samples.code-workspace/inorbit_republisher/install/inorbit_republisher/share/inorbit_republisher/config
[2.234s] Invoked command in '/workspace/ros_inorbit_samples.code-workspace/inorbit_republisher/build/inorbit_republisher' returned '0': PYTHONPATH=/workspace/ros_inorbit_samples.code-workspace/inorbit_republisher/build/inorbit_republisher/prefix_override:/usr/lib/python3/dist-packages/colcon_core/task/python/colcon_distutils_commands:/workspace/ros_inorbit_samples.code-workspace/inorbit_republisher/install/inorbit_republisher/lib/python3.12/site-packages:${PYTHONPATH} /usr/bin/python3 -W ignore:setup.py install is deprecated -W ignore:easy_install command is deprecated setup.py develop --editable --build-directory /workspace/ros_inorbit_samples.code-workspace/inorbit_republisher/build/inorbit_republisher/build --no-deps symlink_data
